<?xml version="1.0" encoding="UTF-8"?>
<testsuite name="com.example.compteur.RouteMathTest" tests="7" skipped="0" failures="0" errors="0" timestamp="2026-06-13T14:59:41.054Z" hostname="quentin-debian" time="0.018">
  <properties/>
  <testcase name="distanceAlongIsMonotonicAlongRoute" classname="com.example.compteur.RouteMathTest" time="0.016"/>
  <testcase name="projectionAtMidpointIsHalf" classname="com.example.compteur.RouteMathTest" time="0.0"/>
  <testcase name="etaInvalidWhenStopped" classname="com.example.compteur.RouteMathTest" time="0.0"/>
  <testcase name="projectionAtStartIsZero" classname="com.example.compteur.RouteMathTest" time="0.0"/>
  <testcase name="etaAtConstantSpeed" classname="com.example.compteur.RouteMathTest" time="0.0"/>
  <testcase name="totalDistanceMatchesHaversine" classname="com.example.compteur.RouteMathTest" time="0.0"/>
  <testcase name="alongPlusRemainingEqualsTotal" classname="com.example.compteur.RouteMathTest" time="0.0"/>
  <system-out><![CDATA[]]></system-out>
  <system-err><![CDATA[]]></system-err>
</testsuite>
